<?xml version="1.0" encoding="UTF-8" ?>
<testsuite tests="30" failures="0" name="bankTest.TestBankSystem" time="0.382" errors="0" skipped="0">
  <properties>
    <property name="java.runtime.name" value="Java(TM) SE Runtime Environment"/>
    <property name="java.vm.version" value="14.0.1+7"/>
    <property name="sun.boot.library.path" value="C:\Program Files\Java\jdk-14.0.1\bin"/>
    <property name="maven.multiModuleProjectDirectory" value="Z:\revature\second batch\project 0\project-0-afkpuezo"/>
    <property name="java.vm.vendor" value="Oracle Corporation"/>
    <property name="java.vendor.url" value="https://java.oracle.com/"/>
    <property name="guice.disable.misplaced.annotation.check" value="true"/>
    <property name="path.separator" value=";"/>
    <property name="java.vm.name" value="Java HotSpot(TM) 64-Bit Server VM"/>
    <property name="sun.os.patch.level" value=""/>
    <property name="user.script" value=""/>
    <property name="user.country" value="US"/>
    <property name="sun.java.launcher" value="SUN_STANDARD"/>
    <property name="java.vm.specification.name" value="Java Virtual Machine Specification"/>
    <property name="user.dir" value="Z:\revature\second batch\project 0\project-0-afkpuezo"/>
    <property name="java.vm.compressedOopsMode" value="Zero based"/>
    <property name="java.runtime.version" value="14.0.1+7"/>
    <property name="os.arch" value="amd64"/>
    <property name="java.io.tmpdir" value="C:\Users\Andrew\AppData\Local\Temp\"/>
    <property name="line.separator" value="
"/>
    <property name="java.vm.specification.vendor" value="Oracle Corporation"/>
    <property name="user.variant" value=""/>
    <property name="os.name" value="Windows 10"/>
    <property name="classworlds.conf" value="C:\ProgramData\chocolatey\lib\maven\apache-maven-3.6.3\bin\..\bin\m2.conf"/>
    <property name="sun.jnu.encoding" value="Cp1252"/>
    <property name="java.library.path" value="C:\Program Files\Java\jdk-14.0.1\bin;C:\WINDOWS\Sun\Java\bin;C:\WINDOWS\system32;C:\WINDOWS;C:\Program Files\AdoptOpenJDK\jdk-8.0.265.01-hotspot\bin;Z:\Python\Scripts\;Z:\Python\;C:\ProgramData\Oracle\Java\javapath;C:\ProgramData\Oracle\Java\javapath\;C:\Program Files (x86)\Intel\iCLS Client\;C:\Program Files\Intel\iCLS Client\;C:\Windows\system32;C:\Windows;C:\Windows\System32\Wbem;C:\Windows\System32\WindowsPowerShell\v1.0\;C:\Program Files (x86)\NVIDIA Corporation\PhysX\Common;C:\Program Files (x86)\Intel\Intel(R) Management Engine Components\DAL;C:\Program Files\Intel\Intel(R) Management Engine Components\DAL;C:\Program Files (x86)\Intel\Intel(R) Management Engine Components\IPT;C:\Program Files\Intel\Intel(R) Management Engine Components\IPT;C:\Program Files (x86)\GtkSharp\2.12\bin;C:\Program Files (x86)\Skype\Phone\;Z:\QuickTime\QTSystem\;C:\WINDOWS\system32;C:\WINDOWS;C:\WINDOWS\System32\Wbem;C:\WINDOWS\System32\WindowsPowerShell\v1.0\;C:\Program Files\OpenJDK\openjdk-8u262-b10\bin;C:\WINDOWS\System32\OpenSSH\;C:\Program Files (x86)\Microsoft SQL Server\100\Tools\Binn\;C:\Program Files\Microsoft SQL Server\100\Tools\Binn\;C:\Program Files\Microsoft SQL Server\100\DTS\Binn\;C:\ProgramData\chocolatey\bin;C:\Program Files\OpenJDK\openjdk-8u262-b10\bin;C:\ProgramData\chocolatey\lib\maven\apache-maven-3.6.3\bin;C:\Program Files\Microsoft VS Code\bin;C:\Program Files\Docker\Docker\resources\bin;C:\ProgramData\DockerDesktop\version-bin;C:\Program Files\Git\cmd;%M2%;C:\Users\Andrew\AppData\Local\Microsoft\WindowsApps;Z:\JetBrains\IntelliJ IDEA Community Edition 2020.2\bin;;Z:\nostalgia\mac os 9 new\MacOS9\GTK\2.0\bin;Z:\PyCharm Community Edition 2020.2\bin;;C:\Program Files\Java\jdk-14.0.1\bin;;."/>
    <property name="maven.conf" value="C:\ProgramData\chocolatey\lib\maven\apache-maven-3.6.3\bin\../conf"/>
    <property name="jdk.debug" value="release"/>
    <property name="java.class.version" value="58.0"/>
    <property name="java.specification.name" value="Java Platform API Specification"/>
    <property name="sun.management.compiler" value="HotSpot 64-Bit Tiered Compilers"/>
    <property name="os.version" value="10.0"/>
    <property name="library.jansi.path" value="C:\ProgramData\chocolatey\lib\maven\apache-maven-3.6.3\bin\..\lib\jansi-native"/>
    <property name="user.home" value="C:\Users\Andrew"/>
    <property name="user.timezone" value="America/New_York"/>
    <property name="file.encoding" value="Cp1252"/>
    <property name="java.specification.version" value="14"/>
    <property name="user.name" value="Andrew"/>
    <property name="java.class.path" value="C:\ProgramData\chocolatey\lib\maven\apache-maven-3.6.3\bin\..\boot\plexus-classworlds-2.6.0.jar"/>
    <property name="java.vm.specification.version" value="14"/>
    <property name="sun.arch.data.model" value="64"/>
    <property name="sun.java.command" value="org.codehaus.plexus.classworlds.launcher.Launcher test -f z:\revature\second batch\project 0\project-0-afkpuezo\pom.xml"/>
    <property name="java.home" value="C:\Program Files\Java\jdk-14.0.1"/>
    <property name="user.language" value="en"/>
    <property name="java.specification.vendor" value="Oracle Corporation"/>
    <property name="java.vm.info" value="mixed mode, sharing"/>
    <property name="java.version" value="14.0.1"/>
    <property name="java.vendor" value="Oracle Corporation"/>
    <property name="sun.stderr.encoding" value="cp437"/>
    <property name="maven.home" value="C:\ProgramData\chocolatey\lib\maven\apache-maven-3.6.3\bin\.."/>
    <property name="file.separator" value="\"/>
    <property name="java.version.date" value="2020-04-14"/>
    <property name="java.vendor.url.bug" value="https://bugreport.java.com/bugreport/"/>
    <property name="sun.io.unicode.encoding" value="UnicodeLittle"/>
    <property name="sun.cpu.endian" value="little"/>
    <property name="sun.stdout.encoding" value="cp437"/>
    <property name="sun.cpu.isalist" value="amd64"/>
  </properties>
  <testcase classname="bankTest.TestBankSystem" name="testViewAccountsCustomer" time="0.103"/>
  <testcase classname="bankTest.TestBankSystem" name="testLogInBadPass" time="0"/>
  <testcase classname="bankTest.TestBankSystem" name="testDenyBadAccount" time="0.002"/>
  <testcase classname="bankTest.TestBankSystem" name="testLogInUserNotFound" time="0.002"/>
  <testcase classname="bankTest.TestBankSystem" name="testViewSelfProfile" time="0.002"/>
  <testcase classname="bankTest.TestBankSystem" name="testViewTransactionsOwnedAccount" time="0.003"/>
  <testcase classname="bankTest.TestBankSystem" name="testCloseAccount" time="0.029"/>
  <testcase classname="bankTest.TestBankSystem" name="testApproveAccount" time="0.033"/>
  <testcase classname="bankTest.TestBankSystem" name="testApply" time="0.012"/>
  <testcase classname="bankTest.TestBankSystem" name="testLogIn" time="0.001"/>
  <testcase classname="bankTest.TestBankSystem" name="testSetup" time="0.002"/>
  <testcase classname="bankTest.TestBankSystem" name="testCreateAdmin" time="0.016"/>
  <testcase classname="bankTest.TestBankSystem" name="testQuit" time="0.001"/>
  <testcase classname="bankTest.TestBankSystem" name="testRemoveOwner" time="0.03"/>
  <testcase classname="bankTest.TestBankSystem" name="testViewUsers" time="0.003"/>
  <testcase classname="bankTest.TestBankSystem" name="testViewAccountsAdmin" time="0.003"/>
  <testcase classname="bankTest.TestBankSystem" name="testRegisterUser" time="0.015"/>
  <testcase classname="bankTest.TestBankSystem" name="testAddOwner" time="0.01"/>
  <testcase classname="bankTest.TestBankSystem" name="testWithdraw" time="0.03"/>
  <testcase classname="bankTest.TestBankSystem" name="testRegisterUserWithUsernameTaken" time="0.002"/>
  <testcase classname="bankTest.TestBankSystem" name="testViewTransactions" time="0.002"/>
  <testcase classname="bankTest.TestBankSystem" name="testApproveBadAccount" time="0.002"/>
  <testcase classname="bankTest.TestBankSystem" name="testActOutsidePermissions" time="0.001"/>
  <testcase classname="bankTest.TestBankSystem" name="testCreateEmployee" time="0.015"/>
  <testcase classname="bankTest.TestBankSystem" name="testDeposit" time="0.016"/>
  <testcase classname="bankTest.TestBankSystem" name="testDenyAccount" time="0.021"/>
  <testcase classname="bankTest.TestBankSystem" name="testViewTransactionsActingUser" time="0.001"/>
  <testcase classname="bankTest.TestBankSystem" name="testLogOut" time="0.002"/>
  <testcase classname="bankTest.TestBankSystem" name="testCloseBadAccount" time="0.008"/>
  <testcase classname="bankTest.TestBankSystem" name="testTransfer" time="0.015"/>
</testsuite>